<?xml version="1.0" encoding="UTF-8"?>
<testsuite name="ru.stqa.pft.addressbook.tests.GroupCreationTest" tests="3" skipped="0" failures="0" errors="0" timestamp="2020-03-22T20:32:58" hostname="LAPTOP-QKC3I26M" time="27.201">
  <properties/>
  <testcase name="testGroupCreation[0](GroupData{id='2147483647', name='testtrrtutr 0'})" classname="ru.stqa.pft.addressbook.tests.GroupCreationTest" time="3.6"/>
  <testcase name="testGroupCreation[1](GroupData{id='2147483647', name='testtrrtutr 1'})" classname="ru.stqa.pft.addressbook.tests.GroupCreationTest" time="5.817"/>
  <testcase name="testGroupCreation[2](GroupData{id='2147483647', name='testtrrtutr 2'})" classname="ru.stqa.pft.addressbook.tests.GroupCreationTest" time="3.881"/>
  <system-out><![CDATA[]]></system-out>
  <system-err><![CDATA[Starting ChromeDriver 80.0.3987.106 (f68069574609230cf9b635cd784cfb1bf81bb53a-refs/branch-heads/3987@{#882}) on port 38527
Only local connections are allowed.
Please protect ports used by ChromeDriver and related test frameworks to prevent access by malicious code.
мар. 22, 2020 11:32:55 PM org.openqa.selenium.remote.ProtocolHandshake createSession
INFO: Detected dialect: W3C
Starting ChromeDriver 80.0.3987.106 (f68069574609230cf9b635cd784cfb1bf81bb53a-refs/branch-heads/3987@{#882}) on port 8592
Only local connections are allowed.
Please protect ports used by ChromeDriver and related test frameworks to prevent access by malicious code.
мар. 22, 2020 11:33:05 PM org.openqa.selenium.remote.ProtocolHandshake createSession
INFO: Detected dialect: W3C
[1584909189.222][SEVERE]: Timed out receiving message from renderer: 0.100
Starting ChromeDriver 80.0.3987.106 (f68069574609230cf9b635cd784cfb1bf81bb53a-refs/branch-heads/3987@{#882}) on port 44252
Only local connections are allowed.
Please protect ports used by ChromeDriver and related test frameworks to prevent access by malicious code.
мар. 22, 2020 11:33:18 PM org.openqa.selenium.remote.ProtocolHandshake createSession
INFO: Detected dialect: W3C
]]></system-err>
</testsuite>
