<?xml version="1.0" encoding="UTF-8"?>
<testsuite name="ru.stqa.pft.soap.GeoIpServiceTests" tests="1" skipped="0" failures="0" errors="0" timestamp="2021-05-01T17:26:48" hostname="MSI" time="0.674">
  <properties/>
  <testcase name="testMyIp" classname="ru.stqa.pft.soap.GeoIpServiceTests" time="0.674"/>
  <system-out><![CDATA[
]]></system-out>
  <system-err><![CDATA[]]></system-err>
</testsuite>
